2025-10-28 13:28:28 [debug    ] YAML configuration not available, falling back to dotenv error=KeyError('yaml_config_section key "framework" not found in config.yaml')
/Users/hovav/miniconda3/envs/rag_test/lib/python3.10/site-packages/pydantic_settings/main.py:425: UserWarning: Config key `yaml_file` is set in model_config but will be ignored because no YamlConfigSettingsSource source is configured. To use this config key, add a YamlConfigSettingsSource source to the settings sources via the settings_customise_sources hook.
  self._settings_warn_unused_config_keys(sources, self.model_config)
/Users/hovav/miniconda3/envs/rag_test/lib/python3.10/site-packages/pydantic_settings/main.py:425: UserWarning: Config key `yaml_config_section` is set in model_config but will be ignored because no YamlConfigSettingsSource source is configured. To use this config key, add a YamlConfigSettingsSource source to the settings sources via the settings_customise_sources hook.
  self._settings_warn_unused_config_keys(sources, self.model_config)
2025-10-28 13:28:28 [debug    ] YAML configuration not available, falling back to dotenv error=KeyError('yaml_config_section key "image" not found in config.yaml')
2025-10-28 13:28:28 [debug    ] YAML configuration not available, falling back to dotenv error=KeyError('yaml_config_section key "resource" not found in config.yaml')
2025-10-28 13:28:28 [debug    ] YAML configuration not available, falling back to dotenv error=KeyError('yaml_config_section key "resource" not found in config.yaml')
2025-10-28 13:28:28 [debug    ] YAML configuration not available, falling back to dotenv error=KeyError('yaml_config_section key "resource" not found in config.yaml')
/Users/hovav/miniconda3/envs/rag_test/lib/python3.10/site-packages/pydantic_settings/main.py:425: UserWarning: Config key `yaml_file` is set in model_config but will be ignored because no YamlConfigSettingsSource source is configured. To use this config key, add a YamlConfigSettingsSource source to the settings sources via the settings_customise_sources hook.
  self._settings_warn_unused_config_keys(sources, self.model_config)
/Users/hovav/miniconda3/envs/rag_test/lib/python3.10/site-packages/pydantic_settings/main.py:425: UserWarning: Config key `yaml_config_section` is set in model_config but will be ignored because no YamlConfigSettingsSource source is configured. To use this config key, add a YamlConfigSettingsSource source to the settings sources via the settings_customise_sources hook.
  self._settings_warn_unused_config_keys(sources, self.model_config)
[2m2025-10-28T11:28:33.430589Z[0m [[32m[1minfo     [0m] [1mStarted server process [36734][0m [36mprocess_id[0m=[35m36734[0m
[2m2025-10-28T11:28:33.430661Z[0m [[32m[1minfo     [0m] [1mWaiting for application startup.[0m [36mprocess_id[0m=[35m36734[0m
`torch_dtype` is deprecated! Use `dtype` instead!
[2m2025-10-28T11:28:33.566239Z[0m [[32m[1minfo     [0m] [1mConsider caching model dimension.[0m [36mdimension[0m=[35m768[0m [36mmodel_name[0m=[35mSentenceTransformersEngine:sentence-transformers/all-mpnet-base-v2:FLOAT16[0m [36mprocess_id[0m=[35m36734[0m
[2m2025-10-28T11:28:33.568849Z[0m [[32m[1minfo     [0m] [1minitialized index             [0m [36mfield_ids[0m=[35m[][0m [36mfield_types[0m=[35m[][0m [36mnode_id[0m=[35mfb589f9f5e9fd5d3[0m [36mprocess_id[0m=[35m36734[0m [36mspace_ids[0m=[35m[5774769596472829857, 4520810928572059379, 5622525167050153604][0m [36mspace_types[0m=[35m['TextSimilaritySpace', 'CategoricalSimilaritySpace', 'RecencySpace'][0m
/Users/hovav/miniconda3/envs/rag_test/lib/python3.10/site-packages/pydantic_settings/main.py:425: UserWarning: Config key `yaml_file` is set in model_config but will be ignored because no YamlConfigSettingsSource source is configured. To use this config key, add a YamlConfigSettingsSource source to the settings sources via the settings_customise_sources hook.
  self._settings_warn_unused_config_keys(sources, self.model_config)
/Users/hovav/miniconda3/envs/rag_test/lib/python3.10/site-packages/pydantic_settings/main.py:425: UserWarning: Config key `yaml_config_section` is set in model_config but will be ignored because no YamlConfigSettingsSource source is configured. To use this config key, add a YamlConfigSettingsSource source to the settings sources via the settings_customise_sources hook.
  self._settings_warn_unused_config_keys(sources, self.model_config)
[2m2025-10-28T11:28:33.570706Z[0m [[32m[1minfo     [0m] [1minitialized query dag         [0m [36mnode_info[0m=[35m[('IndexNode', 'fb589f9f5e9fd5d3'), ('ConcatenationNode', '484fe118b7683148'), ('TextEmbeddingNode', 'a5b178e049f03db9'), ('SchemaFieldNode', 'ffad6a95d5bcdd2a'), ('CategoricalSimilarityNode', '1167fe161f273fe6'), ('SchemaFieldNode', '0bc986c101de2faf'), ('RecencyNode', 'dba4689a89c91a14'), ('SchemaFieldNode', '350dbd3d56ae9584')][0m [36mprocess_id[0m=[35m36734[0m
[2m2025-10-28T11:28:33.571001Z[0m [[32m[1minfo     [0m] [1minitialized entity dag        [0m [36mnode_info[0m=[35m[('OnlineConcatenationNode', '484fe118b7683148'), ('OnlineIndexNode', 'fb589f9f5e9fd5d3'), ('OnlineTextEmbeddingNode', 'a5b178e049f03db9'), ('OnlineSchemaFieldNode', '0bc986c101de2faf'), ('OnlineCategoricalSimilarityNode', '1167fe161f273fe6'), ('OnlineSchemaFieldNode', 'ffad6a95d5bcdd2a'), ('OnlineSchemaFieldNode', '350dbd3d56ae9584'), ('OnlineRecencyNode', 'dba4689a89c91a14')][0m [36mprocess_id[0m=[35m36734[0m [36mschema[0m=[35mBusiness_newsSchema[0m
[2m2025-10-28T11:28:33.572355Z[0m [[32m[1minfo     [0m] [1mregistered query endpoint     [0m [36mmethod[0m=[35mPOST[0m [36mpath[0m=[35m/api/v1/search/business_news_query[0m [36mprocess_id[0m=[35m36734[0m
[2m2025-10-28T11:28:33.572429Z[0m [[32m[1minfo     [0m] [1mno file available             [0m [36mpath[0m=[35min_memory_vdb/285894f70c2457e4e4fbd74514e0db25.json[0m [36mprocess_id[0m=[35m36734[0m
[2m2025-10-28T11:28:33.572570Z[0m [[32m[1minfo     [0m] [1mApplication startup complete. [0m [36mprocess_id[0m=[35m36734[0m
[2m2025-10-28T11:28:33.572828Z[0m [[32m[1minfo     [0m] [1mUvicorn running on http://0.0.0.0:8080 (Press CTRL+C to quit)[0m [36mprocess_id[0m=[35m36734[0m
[2m2025-10-28T11:29:09.457263Z[0m [[32m[1minfo     [0m] [1mProcessed sentence-transformers/all-mpnet-base-v2 embed[0m [36mduration_ms[0m=[35m15[0m [36mn_items[0m=[35m1[0m [36mprocess_id[0m=[35m36734[0m [36mrequest_id[0m=[35m375da0dccb384a4397c5ae6fcd692682[0m [36mwait_ms[0m=[35m0[0m
[2m2025-10-28T11:29:09.457723Z[0m [[32m[1minfo     [0m] [1mevaluated query               [0m [36mprocess_id[0m=[35m36734[0m [36mrequest_id[0m=[35m375da0dccb384a4397c5ae6fcd692682[0m
[2m2025-10-28T11:29:09.457957Z[0m [[32m[1minfo     [0m] [1mexecuted query                [0m [36mlimit[0m=[35m3[0m [36mn_results[0m=[35m0[0m [36mprocess_id[0m=[35m36734[0m [36mradius[0m=[35mNone[0m [36mrequest_id[0m=[35m375da0dccb384a4397c5ae6fcd692682[0m [36mschema[0m=[35mBusiness_newsSchema[0m
