2025-10-27 20:06:30 [debug    ] YAML configuration not available, falling back to dotenv error=KeyError('yaml_config_section key "framework" not found in config.yaml')
/Users/hovav/miniconda3/envs/rag_test/lib/python3.10/site-packages/pydantic_settings/main.py:425: UserWarning: Config key `yaml_file` is set in model_config but will be ignored because no YamlConfigSettingsSource source is configured. To use this config key, add a YamlConfigSettingsSource source to the settings sources via the settings_customise_sources hook.
  self._settings_warn_unused_config_keys(sources, self.model_config)
/Users/hovav/miniconda3/envs/rag_test/lib/python3.10/site-packages/pydantic_settings/main.py:425: UserWarning: Config key `yaml_config_section` is set in model_config but will be ignored because no YamlConfigSettingsSource source is configured. To use this config key, add a YamlConfigSettingsSource source to the settings sources via the settings_customise_sources hook.
  self._settings_warn_unused_config_keys(sources, self.model_config)
2025-10-27 20:06:30 [debug    ] YAML configuration not available, falling back to dotenv error=KeyError('yaml_config_section key "image" not found in config.yaml')
2025-10-27 20:06:30 [debug    ] YAML configuration not available, falling back to dotenv error=KeyError('yaml_config_section key "resource" not found in config.yaml')
2025-10-27 20:06:30 [debug    ] YAML configuration not available, falling back to dotenv error=KeyError('yaml_config_section key "resource" not found in config.yaml')
2025-10-27 20:06:30 [debug    ] YAML configuration not available, falling back to dotenv error=KeyError('yaml_config_section key "resource" not found in config.yaml')
/Users/hovav/miniconda3/envs/rag_test/lib/python3.10/site-packages/pydantic_settings/main.py:425: UserWarning: Config key `yaml_file` is set in model_config but will be ignored because no YamlConfigSettingsSource source is configured. To use this config key, add a YamlConfigSettingsSource source to the settings sources via the settings_customise_sources hook.
  self._settings_warn_unused_config_keys(sources, self.model_config)
/Users/hovav/miniconda3/envs/rag_test/lib/python3.10/site-packages/pydantic_settings/main.py:425: UserWarning: Config key `yaml_config_section` is set in model_config but will be ignored because no YamlConfigSettingsSource source is configured. To use this config key, add a YamlConfigSettingsSource source to the settings sources via the settings_customise_sources hook.
  self._settings_warn_unused_config_keys(sources, self.model_config)
[2m2025-10-27T18:06:33.937517Z[0m [[32m[1minfo     [0m] [1mStarted server process [56904][0m [36mprocess_id[0m=[35m56904[0m
[2m2025-10-27T18:06:33.937591Z[0m [[32m[1minfo     [0m] [1mWaiting for application startup.[0m [36mprocess_id[0m=[35m56904[0m
`torch_dtype` is deprecated! Use `dtype` instead!
[2m2025-10-27T18:06:34.102990Z[0m [[32m[1minfo     [0m] [1mConsider caching model dimension.[0m [36mdimension[0m=[35m768[0m [36mmodel_name[0m=[35mSentenceTransformersEngine:sentence-transformers/all-mpnet-base-v2:FLOAT16[0m [36mprocess_id[0m=[35m56904[0m
[2m2025-10-27T18:06:34.104798Z[0m [[32m[1minfo     [0m] [1minitialized index             [0m [36mfield_ids[0m=[35m[][0m [36mfield_types[0m=[35m[][0m [36mnode_id[0m=[35m82e334298d9e24b2[0m [36mprocess_id[0m=[35m56904[0m [36mspace_ids[0m=[35m[-2515507077030738725, 830289184626316949, -6435846081141210712][0m [36mspace_types[0m=[35m['TextSimilaritySpace', 'RecencySpace', 'NumberSpace'][0m
[2m2025-10-27T18:06:34.107581Z[0m [[32m[1minfo     [0m] [1mConsider caching model dimension.[0m [36mdimension[0m=[35m768[0m [36mmodel_name[0m=[35mSentenceTransformersEngine:sentence-transformers/all-mpnet-base-v2:FLOAT16[0m [36mprocess_id[0m=[35m56904[0m
[2m2025-10-27T18:06:34.107765Z[0m [[32m[1minfo     [0m] [1mConsider caching model dimension.[0m [36mdimension[0m=[35m768[0m [36mmodel_name[0m=[35mSentenceTransformersEngine:sentence-transformers/all-mpnet-base-v2:FLOAT16[0m [36mprocess_id[0m=[35m56904[0m
[2m2025-10-27T18:06:34.108367Z[0m [[32m[1minfo     [0m] [1minitialized index             [0m [36mfield_ids[0m=[35m[][0m [36mfield_types[0m=[35m[][0m [36mnode_id[0m=[35m7b975749516efa1d[0m [36mprocess_id[0m=[35m56904[0m [36mspace_ids[0m=[35m[3869824577818300949, -4720444499662170870, -6901778520215947175, 7718947131587493627][0m [36mspace_types[0m=[35m['TextSimilaritySpace', 'TextSimilaritySpace', 'CategoricalSimilaritySpace', 'RecencySpace'][0m
/Users/hovav/miniconda3/envs/rag_test/lib/python3.10/site-packages/pydantic_settings/main.py:425: UserWarning: Config key `yaml_file` is set in model_config but will be ignored because no YamlConfigSettingsSource source is configured. To use this config key, add a YamlConfigSettingsSource source to the settings sources via the settings_customise_sources hook.
  self._settings_warn_unused_config_keys(sources, self.model_config)
/Users/hovav/miniconda3/envs/rag_test/lib/python3.10/site-packages/pydantic_settings/main.py:425: UserWarning: Config key `yaml_config_section` is set in model_config but will be ignored because no YamlConfigSettingsSource source is configured. To use this config key, add a YamlConfigSettingsSource source to the settings sources via the settings_customise_sources hook.
  self._settings_warn_unused_config_keys(sources, self.model_config)
/Users/hovav/miniconda3/envs/rag_test/lib/python3.10/site-packages/superlinked/framework/storage/qdrant/qdrant_vdb_connector.py:87: UserWarning: Api key is used with an insecure connection.
  self._client = AsyncQdrantClient(
/Users/hovav/miniconda3/envs/rag_test/lib/python3.10/site-packages/superlinked/framework/storage/qdrant/qdrant_vdb_connector.py:92: UserWarning: Api key is used with an insecure connection.
  self._sync_client = QdrantClient(
[2m2025-10-27T18:06:34.200484Z[0m [[32m[1minfo     [0m] [1minitialized query dag         [0m [36mnode_info[0m=[35m[('IndexNode', '82e334298d9e24b2'), ('ConcatenationNode', 'f8cec606c6f23c6e'), ('TextEmbeddingNode', 'd0e149d6dea853d0'), ('ChunkingNode', '783ee586a29d40e5'), ('SchemaFieldNode', 'aa98960c2f5114ce'), ('RecencyNode', '03c15a63221d0188'), ('SchemaFieldNode', '783218f2773c3e8d'), ('NumberEmbeddingNode', '0a5d5b795d31ab25'), ('SchemaFieldNode', '33683e09101d167f')][0m [36mprocess_id[0m=[35m56904[0m
[2m2025-10-27T18:06:34.200752Z[0m [[32m[1minfo     [0m] [1minitialized query dag         [0m [36mnode_info[0m=[35m[('IndexNode', '7b975749516efa1d'), ('ConcatenationNode', '17dfb895c53cd34e'), ('TextEmbeddingNode', '4fa2703f48ab3980'), ('ChunkingNode', 'c3b620db1d7ac97c'), ('SchemaFieldNode', 'ffad6a95d5bcdd2a'), ('TextEmbeddingNode', '98e3dff4d77067a9'), ('ChunkingNode', '5a5da8378f35fac9'), ('SchemaFieldNode', '67247139d9125c69'), ('CategoricalSimilarityNode', '1167fe161f273fe6'), ('SchemaFieldNode', '0bc986c101de2faf'), ('RecencyNode', 'dba4689a89c91a14'), ('SchemaFieldNode', '350dbd3d56ae9584')][0m [36mprocess_id[0m=[35m56904[0m
[2m2025-10-27T18:06:34.201047Z[0m [[32m[1minfo     [0m] [1minitialized entity dag        [0m [36mnode_info[0m=[35m[('OnlineSchemaFieldNode', '33683e09101d167f'), ('OnlineSchemaFieldNode', '783218f2773c3e8d'), ('OnlineNumberEmbeddingNode', '0a5d5b795d31ab25'), ('OnlineChunkingNode', '783ee586a29d40e5'), ('OnlineRecencyNode', '03c15a63221d0188'), ('OnlineConcatenationNode', 'f8cec606c6f23c6e'), ('OnlineIndexNode', '82e334298d9e24b2'), ('OnlineTextEmbeddingNode', 'd0e149d6dea853d0'), ('OnlineSchemaFieldNode', 'aa98960c2f5114ce')][0m [36mprocess_id[0m=[35m56904[0m [36mschema[0m=[35mSample_dataSchema[0m
[2m2025-10-27T18:06:34.201179Z[0m [[32m[1minfo     [0m] [1minitialized entity dag        [0m [36mnode_info[0m=[35m[('OnlineSchemaFieldNode', '0bc986c101de2faf'), ('OnlineConcatenationNode', '17dfb895c53cd34e'), ('OnlineCategoricalSimilarityNode', '1167fe161f273fe6'), ('OnlineIndexNode', '7b975749516efa1d'), ('OnlineSchemaFieldNode', 'ffad6a95d5bcdd2a'), ('OnlineSchemaFieldNode', '350dbd3d56ae9584'), ('OnlineTextEmbeddingNode', '4fa2703f48ab3980'), ('OnlineChunkingNode', '5a5da8378f35fac9'), ('OnlineRecencyNode', 'dba4689a89c91a14'), ('OnlineTextEmbeddingNode', '98e3dff4d77067a9'), ('OnlineChunkingNode', 'c3b620db1d7ac97c'), ('OnlineSchemaFieldNode', '67247139d9125c69')][0m [36mprocess_id[0m=[35m56904[0m [36mschema[0m=[35mBusiness_newsSchema[0m
[2m2025-10-27T18:06:34.202325Z[0m [[32m[1minfo     [0m] [1mregistered ingest endpoint    [0m [36mmethod[0m=[35mPOST[0m [36mpath[0m=[35m/api/v1/ingest/sample_data_schema[0m [36mprocess_id[0m=[35m56904[0m
[2m2025-10-27T18:06:34.202611Z[0m [[32m[1minfo     [0m] [1mregistered ingest endpoint    [0m [36mmethod[0m=[35mPOST[0m [36mpath[0m=[35m/api/v1/ingest/business_news_schema[0m [36mprocess_id[0m=[35m56904[0m
[2m2025-10-27T18:06:34.203401Z[0m [[32m[1minfo     [0m] [1mregistered query endpoint     [0m [36mmethod[0m=[35mPOST[0m [36mpath[0m=[35m/api/v1/search/sample_data_query[0m [36mprocess_id[0m=[35m56904[0m
[2m2025-10-27T18:06:34.203789Z[0m [[32m[1minfo     [0m] [1mregistered query endpoint     [0m [36mmethod[0m=[35mPOST[0m [36mpath[0m=[35m/api/v1/search/business_news_query[0m [36mprocess_id[0m=[35m56904[0m
[2m2025-10-27T18:06:34.203925Z[0m [[32m[1minfo     [0m] [1mApplication startup complete. [0m [36mprocess_id[0m=[35m56904[0m
[2m2025-10-27T18:06:34.204139Z[0m [[32m[1minfo     [0m] [1mUvicorn running on http://0.0.0.0:8080 (Press CTRL+C to quit)[0m [36mprocess_id[0m=[35m56904[0m
[2m2025-10-27T18:06:41.651313Z[0m [[32m[1minfo     [0m] [1mProcessed sentence-transformers/all-mpnet-base-v2 embed[0m [36mduration_ms[0m=[35m17[0m [36mn_items[0m=[35m1[0m [36mprocess_id[0m=[35m56904[0m [36mrequest_id[0m=[35m6e7cdf84add2413db8b63164173be01f[0m [36mwait_ms[0m=[35m0[0m
[2m2025-10-27T18:06:41.651772Z[0m [[32m[1minfo     [0m] [1mevaluated query               [0m [36mprocess_id[0m=[35m56904[0m [36mrequest_id[0m=[35m6e7cdf84add2413db8b63164173be01f[0m
[2m2025-10-27T18:06:41.663859Z[0m [[32m[1minfo     [0m] [1mexecuted query                [0m [36mlimit[0m=[35m1[0m [36mn_results[0m=[35m1[0m [36mprocess_id[0m=[35m56904[0m [36mradius[0m=[35mNone[0m [36mrequest_id[0m=[35m6e7cdf84add2413db8b63164173be01f[0m [36mschema[0m=[35mBusiness_newsSchema[0m
/Users/hovav/miniconda3/envs/rag_test/lib/python3.10/multiprocessing/resource_tracker.py:224: UserWarning: resource_tracker: There appear to be 1 leaked semaphore objects to clean up at shutdown
  warnings.warn('resource_tracker: There appear to be %d '
